        -:    0:Source:/home/ellie/MemoryAllocator/include/Chunk.hpp
        -:    0:Graph:build/CMakeFiles/allocatortest.dir/tests/allocatortest.cpp.gcno
        -:    0:Data:build/CMakeFiles/allocatortest.dir/tests/allocatortest.cpp.gcda
        -:    0:Runs:3
        -:    1:#include <cstddef>
        -:    2:struct Chunk {
        -:    3:    int startIndex;
        -:    4:    void* startLoc;
        -:    5:    std::size_t chunkSize;
        -:    6:    bool Free;
        -:    7:    // Next free/occupied chunk dependent on current free state
        -:    8:    Chunk* next;
        -:    9:    // Previous free/occupied chunk dependent on current free state
        -:   10:    Chunk* prev;
        -:   11:    // Absolute next chunk in the memory pool regardless of current free state
        -:   12:    Chunk* AbsNext;
        -:   13:    // Absolute previous chunk in the memory pool regardless of current free state
        -:   14:    Chunk* AbsPrev;
        -:   15:    
        -:   16:
 10000081:   17:    Chunk(int startingIndex, int chunkSize, bool Free) : 
 10000081:   18:    startIndex(startingIndex), 
 10000081:   19:    chunkSize(chunkSize), 
 10000081:   20:    Free(Free), 
 10000081:   21:    startLoc(nullptr), 
 10000081:   22:    next(nullptr), 
 10000081:   23:    prev(nullptr),
 10000081:   24:    AbsNext(nullptr),
 10000081:   25:    AbsPrev(nullptr) {};
 10000081:   26:    ~Chunk() {
        -:   27:        
 10000081:   28:    }
        -:   29:};
