Start testing: Oct 14 16:32 CDT
----------------------------------------------------------
1/11 Testing: AllocatorMalloc.MallocValidSize_AlmostFull
1/11 Test: AllocatorMalloc.MallocValidSize_AlmostFull
Command: "/home/intern/MemoryAllocator/build/allocatortest" "--gtest_filter=AllocatorMalloc.MallocValidSize_AlmostFull" "--gtest_also_run_disabled_tests"
Directory: /home/intern/MemoryAllocator/build
"AllocatorMalloc.MallocValidSize_AlmostFull" start time: Oct 14 16:32 CDT
Output:
----------------------------------------------------------
Note: Google Test filter = AllocatorMalloc.MallocValidSize_AlmostFull
[==========] Running 1 test from 1 test suite.
[----------] Global test environment set-up.
[----------] 1 test from AllocatorMalloc
[ RUN      ] AllocatorMalloc.MallocValidSize_AlmostFull
[       OK ] AllocatorMalloc.MallocValidSize_AlmostFull (0 ms)
[----------] 1 test from AllocatorMalloc (0 ms total)

[----------] Global test environment tear-down
[==========] 1 test from 1 test suite ran. (0 ms total)
[  PASSED  ] 1 test.
<end of output>
Test time =   0.00 sec
----------------------------------------------------------
Test Passed.
"AllocatorMalloc.MallocValidSize_AlmostFull" end time: Oct 14 16:32 CDT
"AllocatorMalloc.MallocValidSize_AlmostFull" time elapsed: 00:00:00
----------------------------------------------------------

2/11 Testing: AllocatorMalloc.MallocValidSize_LastChunk
2/11 Test: AllocatorMalloc.MallocValidSize_LastChunk
Command: "/home/intern/MemoryAllocator/build/allocatortest" "--gtest_filter=AllocatorMalloc.MallocValidSize_LastChunk" "--gtest_also_run_disabled_tests"
Directory: /home/intern/MemoryAllocator/build
"AllocatorMalloc.MallocValidSize_LastChunk" start time: Oct 14 16:32 CDT
Output:
----------------------------------------------------------
Note: Google Test filter = AllocatorMalloc.MallocValidSize_LastChunk
[==========] Running 1 test from 1 test suite.
[----------] Global test environment set-up.
[----------] 1 test from AllocatorMalloc
[ RUN      ] AllocatorMalloc.MallocValidSize_LastChunk
[       OK ] AllocatorMalloc.MallocValidSize_LastChunk (0 ms)
[----------] 1 test from AllocatorMalloc (0 ms total)

[----------] Global test environment tear-down
[==========] 1 test from 1 test suite ran. (0 ms total)
[  PASSED  ] 1 test.
<end of output>
Test time =   0.00 sec
----------------------------------------------------------
Test Passed.
"AllocatorMalloc.MallocValidSize_LastChunk" end time: Oct 14 16:32 CDT
"AllocatorMalloc.MallocValidSize_LastChunk" time elapsed: 00:00:00
----------------------------------------------------------

3/11 Testing: AllocatorMalloc.MallocZeroBytes
3/11 Test: AllocatorMalloc.MallocZeroBytes
Command: "/home/intern/MemoryAllocator/build/allocatortest" "--gtest_filter=AllocatorMalloc.MallocZeroBytes" "--gtest_also_run_disabled_tests"
Directory: /home/intern/MemoryAllocator/build
"AllocatorMalloc.MallocZeroBytes" start time: Oct 14 16:32 CDT
Output:
----------------------------------------------------------
Note: Google Test filter = AllocatorMalloc.MallocZeroBytes
[==========] Running 1 test from 1 test suite.
[----------] Global test environment set-up.
[----------] 1 test from AllocatorMalloc
[ RUN      ] AllocatorMalloc.MallocZeroBytes
[       OK ] AllocatorMalloc.MallocZeroBytes (0 ms)
[----------] 1 test from AllocatorMalloc (0 ms total)

[----------] Global test environment tear-down
[==========] 1 test from 1 test suite ran. (0 ms total)
[  PASSED  ] 1 test.
<end of output>
Test time =   0.00 sec
----------------------------------------------------------
Test Passed.
"AllocatorMalloc.MallocZeroBytes" end time: Oct 14 16:32 CDT
"AllocatorMalloc.MallocZeroBytes" time elapsed: 00:00:00
----------------------------------------------------------

4/11 Testing: AllocatorMalloc.MallocTooMuch
4/11 Test: AllocatorMalloc.MallocTooMuch
Command: "/home/intern/MemoryAllocator/build/allocatortest" "--gtest_filter=AllocatorMalloc.MallocTooMuch" "--gtest_also_run_disabled_tests"
Directory: /home/intern/MemoryAllocator/build
"AllocatorMalloc.MallocTooMuch" start time: Oct 14 16:32 CDT
Output:
----------------------------------------------------------
Note: Google Test filter = AllocatorMalloc.MallocTooMuch
[==========] Running 1 test from 1 test suite.
[----------] Global test environment set-up.
[----------] 1 test from AllocatorMalloc
[ RUN      ] AllocatorMalloc.MallocTooMuch
[       OK ] AllocatorMalloc.MallocTooMuch (0 ms)
[----------] 1 test from AllocatorMalloc (0 ms total)

[----------] Global test environment tear-down
[==========] 1 test from 1 test suite ran. (0 ms total)
[  PASSED  ] 1 test.
<end of output>
Test time =   0.00 sec
----------------------------------------------------------
Test Passed.
"AllocatorMalloc.MallocTooMuch" end time: Oct 14 16:32 CDT
"AllocatorMalloc.MallocTooMuch" time elapsed: 00:00:00
----------------------------------------------------------

5/11 Testing: AllocatorMalloc.MallocNegative
5/11 Test: AllocatorMalloc.MallocNegative
Command: "/home/intern/MemoryAllocator/build/allocatortest" "--gtest_filter=AllocatorMalloc.MallocNegative" "--gtest_also_run_disabled_tests"
Directory: /home/intern/MemoryAllocator/build
"AllocatorMalloc.MallocNegative" start time: Oct 14 16:32 CDT
Output:
----------------------------------------------------------
Note: Google Test filter = AllocatorMalloc.MallocNegative
[==========] Running 1 test from 1 test suite.
[----------] Global test environment set-up.
[----------] 1 test from AllocatorMalloc
[ RUN      ] AllocatorMalloc.MallocNegative
[       OK ] AllocatorMalloc.MallocNegative (0 ms)
[----------] 1 test from AllocatorMalloc (0 ms total)

[----------] Global test environment tear-down
[==========] 1 test from 1 test suite ran. (0 ms total)
[  PASSED  ] 1 test.
<end of output>
Test time =   0.00 sec
----------------------------------------------------------
Test Passed.
"AllocatorMalloc.MallocNegative" end time: Oct 14 16:32 CDT
"AllocatorMalloc.MallocNegative" time elapsed: 00:00:00
----------------------------------------------------------

6/11 Testing: AllocatorMalloc.MallocFullPoolSize1Blocks
6/11 Test: AllocatorMalloc.MallocFullPoolSize1Blocks
Command: "/home/intern/MemoryAllocator/build/allocatortest" "--gtest_filter=AllocatorMalloc.MallocFullPoolSize1Blocks" "--gtest_also_run_disabled_tests"
Directory: /home/intern/MemoryAllocator/build
"AllocatorMalloc.MallocFullPoolSize1Blocks" start time: Oct 14 16:32 CDT
Output:
----------------------------------------------------------
Note: Google Test filter = AllocatorMalloc.MallocFullPoolSize1Blocks
[==========] Running 1 test from 1 test suite.
[----------] Global test environment set-up.
[----------] 1 test from AllocatorMalloc
[ RUN      ] AllocatorMalloc.MallocFullPoolSize1Blocks
[       OK ] AllocatorMalloc.MallocFullPoolSize1Blocks (0 ms)
[----------] 1 test from AllocatorMalloc (0 ms total)

[----------] Global test environment tear-down
[==========] 1 test from 1 test suite ran. (0 ms total)
[  PASSED  ] 1 test.
<end of output>
Test time =   0.00 sec
----------------------------------------------------------
Test Passed.
"AllocatorMalloc.MallocFullPoolSize1Blocks" end time: Oct 14 16:32 CDT
"AllocatorMalloc.MallocFullPoolSize1Blocks" time elapsed: 00:00:00
----------------------------------------------------------

7/11 Testing: AllocatorFree.SingleBlockFreeTest
7/11 Test: AllocatorFree.SingleBlockFreeTest
Command: "/home/intern/MemoryAllocator/build/allocatortest" "--gtest_filter=AllocatorFree.SingleBlockFreeTest" "--gtest_also_run_disabled_tests"
Directory: /home/intern/MemoryAllocator/build
"AllocatorFree.SingleBlockFreeTest" start time: Oct 14 16:32 CDT
Output:
----------------------------------------------------------
Note: Google Test filter = AllocatorFree.SingleBlockFreeTest
[==========] Running 1 test from 1 test suite.
[----------] Global test environment set-up.
[----------] 1 test from AllocatorFree
[ RUN      ] AllocatorFree.SingleBlockFreeTest
[       OK ] AllocatorFree.SingleBlockFreeTest (0 ms)
[----------] 1 test from AllocatorFree (0 ms total)

[----------] Global test environment tear-down
[==========] 1 test from 1 test suite ran. (0 ms total)
[  PASSED  ] 1 test.
<end of output>
Test time =   0.00 sec
----------------------------------------------------------
Test Passed.
"AllocatorFree.SingleBlockFreeTest" end time: Oct 14 16:32 CDT
"AllocatorFree.SingleBlockFreeTest" time elapsed: 00:00:00
----------------------------------------------------------

8/11 Testing: AllocatorFree.FragmentedFree
8/11 Test: AllocatorFree.FragmentedFree
Command: "/home/intern/MemoryAllocator/build/allocatortest" "--gtest_filter=AllocatorFree.FragmentedFree" "--gtest_also_run_disabled_tests"
Directory: /home/intern/MemoryAllocator/build
"AllocatorFree.FragmentedFree" start time: Oct 14 16:32 CDT
Output:
----------------------------------------------------------
Note: Google Test filter = AllocatorFree.FragmentedFree
[==========] Running 1 test from 1 test suite.
[----------] Global test environment set-up.
[----------] 1 test from AllocatorFree
[ RUN      ] AllocatorFree.FragmentedFree
[       OK ] AllocatorFree.FragmentedFree (0 ms)
[----------] 1 test from AllocatorFree (0 ms total)

[----------] Global test environment tear-down
[==========] 1 test from 1 test suite ran. (0 ms total)
[  PASSED  ] 1 test.
<end of output>
Test time =   0.00 sec
----------------------------------------------------------
Test Passed.
"AllocatorFree.FragmentedFree" end time: Oct 14 16:32 CDT
"AllocatorFree.FragmentedFree" time elapsed: 00:00:00
----------------------------------------------------------

9/11 Testing: AllocatorFree.InformationOverwriteFree
9/11 Test: AllocatorFree.InformationOverwriteFree
Command: "/home/intern/MemoryAllocator/build/allocatortest" "--gtest_filter=AllocatorFree.InformationOverwriteFree" "--gtest_also_run_disabled_tests"
Directory: /home/intern/MemoryAllocator/build
"AllocatorFree.InformationOverwriteFree" start time: Oct 14 16:32 CDT
Output:
----------------------------------------------------------
Note: Google Test filter = AllocatorFree.InformationOverwriteFree
[==========] Running 1 test from 1 test suite.
[----------] Global test environment set-up.
[----------] 1 test from AllocatorFree
[ RUN      ] AllocatorFree.InformationOverwriteFree
/home/intern/MemoryAllocator/allocatortest.cpp:71: Failure
Value of: **test1 == 10
  Actual: false
Expected: true

[  FAILED  ] AllocatorFree.InformationOverwriteFree (0 ms)
[----------] 1 test from AllocatorFree (0 ms total)

[----------] Global test environment tear-down
[==========] 1 test from 1 test suite ran. (0 ms total)
[  PASSED  ] 0 tests.
[  FAILED  ] 1 test, listed below:
[  FAILED  ] AllocatorFree.InformationOverwriteFree

 1 FAILED TEST
<end of output>
Test time =   0.00 sec
----------------------------------------------------------
Test Failed.
"AllocatorFree.InformationOverwriteFree" end time: Oct 14 16:32 CDT
"AllocatorFree.InformationOverwriteFree" time elapsed: 00:00:00
----------------------------------------------------------

10/11 Testing: AllocatorDefragment.Defragment1
10/11 Test: AllocatorDefragment.Defragment1
Command: "/home/intern/MemoryAllocator/build/allocatortest" "--gtest_filter=AllocatorDefragment.Defragment1" "--gtest_also_run_disabled_tests"
Directory: /home/intern/MemoryAllocator/build
"AllocatorDefragment.Defragment1" start time: Oct 14 16:32 CDT
Output:
----------------------------------------------------------
Note: Google Test filter = AllocatorDefragment.Defragment1
[==========] Running 1 test from 1 test suite.
[----------] Global test environment set-up.
[----------] 1 test from AllocatorDefragment
[ RUN      ] AllocatorDefragment.Defragment1
free(): double free detected in tcache 2
<end of output>
Test time =   0.01 sec
----------------------------------------------------------
Test Failed.
"AllocatorDefragment.Defragment1" end time: Oct 14 16:32 CDT
"AllocatorDefragment.Defragment1" time elapsed: 00:00:00
----------------------------------------------------------

11/11 Testing: PerformAlloc.largeAllocation1b
11/11 Test: PerformAlloc.largeAllocation1b
Command: "/home/intern/MemoryAllocator/build/allocatortest" "--gtest_filter=PerformAlloc.largeAllocation1b" "--gtest_also_run_disabled_tests"
Directory: /home/intern/MemoryAllocator/build
"PerformAlloc.largeAllocation1b" start time: Oct 14 16:32 CDT
Output:
----------------------------------------------------------
Note: Google Test filter = PerformAlloc.largeAllocation1b
[==========] Running 1 test from 1 test suite.
[----------] Global test environment set-up.
[----------] 1 test from PerformAlloc
[ RUN      ] PerformAlloc.largeAllocation1b
[       OK ] PerformAlloc.largeAllocation1b (0 ms)
[----------] 1 test from PerformAlloc (0 ms total)

[----------] Global test environment tear-down
[==========] 1 test from 1 test suite ran. (0 ms total)
[  PASSED  ] 1 test.
<end of output>
Test time =   0.00 sec
----------------------------------------------------------
Test Passed.
"PerformAlloc.largeAllocation1b" end time: Oct 14 16:32 CDT
"PerformAlloc.largeAllocation1b" time elapsed: 00:00:00
----------------------------------------------------------

End testing: Oct 14 16:32 CDT
