<?xml version="1.0" encoding="UTF-8"?>
<Site BuildName="(empty)"
	BuildStamp="20251014-2109-Experimental"
	Name="(empty)"
	Generator="ctest-3.28.3"
	CompilerName=""
	CompilerVersion=""
	OSName="Linux"
	Hostname="DESKTOP-M8UB3OU"
	OSRelease="6.6.87.2-microsoft-standard-WSL2"
	OSVersion="#1 SMP PREEMPT_DYNAMIC Thu Jun  5 18:30:46 UTC 2025"
	OSPlatform="x86_64"
	Is64Bits="1"
	VendorString="GenuineIntel"
	VendorID="Intel Corporation"
	FamilyID="6"
	ModelID="170"
	ProcessorCacheSize="12288"
	NumberOfLogicalCPU="14"
	NumberOfPhysicalCPU="7"
	TotalVirtualMemory="4096"
	TotalPhysicalMemory="15718"
	LogicalProcessorsPerPhysical="2"
	ProcessorClockFrequency="2688"
	>
	<Testing>
		<StartDateTime>Oct 14 16:09 CDT</StartDateTime>
		<StartTestTime>1760476198</StartTestTime>
		<TestList/>
		<EndDateTime>Oct 14 16:09 CDT</EndDateTime>
		<EndTestTime>1760476198</EndTestTime>
		<ElapsedMinutes>0</ElapsedMinutes>
	</Testing>
</Site>
