<?xml version="1.0" encoding="UTF-8"?>
<Site BuildName="(empty)"
	BuildStamp="20250922-1934-Experimental"
	Name="(empty)"
	Generator="ctest-3.26.5"
	CompilerName=""
	CompilerVersion=""
	OSName="Linux"
	Hostname="vbox"
	OSRelease="5.14.0-570.39.1.el9_6.x86_64"
	OSVersion="#1 SMP PREEMPT_DYNAMIC Sat Sep 6 20:23:03 UTC 2025"
	OSPlatform="x86_64"
	Is64Bits="1"
	VendorString="GenuineIntel"
	VendorID="Intel Corporation"
	FamilyID="6"
	ModelID="170"
	ProcessorCacheSize="12288"
	NumberOfLogicalCPU="12"
	NumberOfPhysicalCPU="12"
	TotalVirtualMemory="2047"
	TotalPhysicalMemory="15731"
	LogicalProcessorsPerPhysical="1"
	ProcessorClockFrequency="2688"
	>
	<Testing>
		<StartDateTime>Sep 22 14:35 CDT</StartDateTime>
		<StartTestTime>1758569731</StartTestTime>
		<TestList/>
		<EndDateTime>Sep 22 14:35 CDT</EndDateTime>
		<EndTestTime>1758569731</EndTestTime>
		<ElapsedMinutes>0</ElapsedMinutes>
	</Testing>
</Site>
